<?xml version="1.0" encoding="UTF-8"?>
<testsuite name="com.jiwon.hellospring.HelloSpringApplicationTests" tests="1" skipped="0" failures="0" errors="0" timestamp="2022-01-24T08:28:06" hostname="choejiwon-ui-MacBookPro.local" time="0.325">
  <properties/>
  <testcase name="contextLoads()" classname="com.jiwon.hellospring.HelloSpringApplicationTests" time="0.325"/>
  <system-out><![CDATA[17:28:04.416 [Test worker] DEBUG org.springframework.test.context.BootstrapUtils - Instantiating CacheAwareContextLoaderDelegate from class [org.springframework.test.context.cache.DefaultCacheAwareContextLoaderDelegate]
17:28:04.430 [Test worker] DEBUG org.springframework.test.context.BootstrapUtils - Instantiating BootstrapContext using constructor [public org.springframework.test.context.support.DefaultBootstrapContext(java.lang.Class,org.springframework.test.context.CacheAwareContextLoaderDelegate)]
17:28:04.469 [Test worker] DEBUG org.springframework.test.context.BootstrapUtils - Instantiating TestContextBootstrapper for test class [com.jiwon.hellospring.HelloSpringApplicationTests] from class [org.springframework.boot.test.context.SpringBootTestContextBootstrapper]
17:28:04.480 [Test worker] INFO org.springframework.boot.test.context.SpringBootTestContextBootstrapper - Neither @ContextConfiguration nor @ContextHierarchy found for test class [com.jiwon.hellospring.HelloSpringApplicationTests], using SpringBootContextLoader
17:28:04.484 [Test worker] DEBUG org.springframework.test.context.support.AbstractContextLoader - Did not detect default resource location for test class [com.jiwon.hellospring.HelloSpringApplicationTests]: class path resource [com/jiwon/hellospring/HelloSpringApplicationTests-context.xml] does not exist
17:28:04.485 [Test worker] DEBUG org.springframework.test.context.support.AbstractContextLoader - Did not detect default resource location for test class [com.jiwon.hellospring.HelloSpringApplicationTests]: class path resource [com/jiwon/hellospring/HelloSpringApplicationTestsContext.groovy] does not exist
17:28:04.485 [Test worker] INFO org.springframework.test.context.support.AbstractContextLoader - Could not detect default resource locations for test class [com.jiwon.hellospring.HelloSpringApplicationTests]: no resource found for suffixes {-context.xml, Context.groovy}.
17:28:04.486 [Test worker] INFO org.springframework.test.context.support.AnnotationConfigContextLoaderUtils - Could not detect default configuration classes for test class [com.jiwon.hellospring.HelloSpringApplicationTests]: HelloSpringApplicationTests does not declare any static, non-private, non-final, nested classes annotated with @Configuration.
17:28:04.528 [Test worker] DEBUG org.springframework.test.context.support.ActiveProfilesUtils - Could not find an 'annotation declaring class' for annotation type [org.springframework.test.context.ActiveProfiles] and class [com.jiwon.hellospring.HelloSpringApplicationTests]
17:28:04.582 [Test worker] DEBUG org.springframework.context.annotation.ClassPathScanningCandidateComponentProvider - Identified candidate component class: file [/Users/jiwon/Downloads/hello-spring/build/classes/java/main/com/jiwon/hellospring/HelloSpringApplication.class]
17:28:04.583 [Test worker] INFO org.springframework.boot.test.context.SpringBootTestContextBootstrapper - Found @SpringBootConfiguration com.jiwon.hellospring.HelloSpringApplication for test class com.jiwon.hellospring.HelloSpringApplicationTests
17:28:04.669 [Test worker] DEBUG org.springframework.boot.test.context.SpringBootTestContextBootstrapper - @TestExecutionListeners is not present for class [com.jiwon.hellospring.HelloSpringApplicationTests]: using defaults.
17:28:04.669 [Test worker] INFO org.springframework.boot.test.context.SpringBootTestContextBootstrapper - Loaded default TestExecutionListener class names from location [META-INF/spring.factories]: [org.springframework.boot.test.autoconfigure.restdocs.RestDocsTestExecutionListener, org.springframework.boot.test.autoconfigure.web.client.MockRestServiceServerResetTestExecutionListener, org.springframework.boot.test.autoconfigure.web.servlet.MockMvcPrintOnlyOnFailureTestExecutionListener, org.springframework.boot.test.autoconfigure.web.servlet.WebDriverTestExecutionListener, org.springframework.boot.test.autoconfigure.webservices.client.MockWebServiceServerTestExecutionListener, org.springframework.boot.test.mock.mockito.MockitoTestExecutionListener, org.springframework.boot.test.mock.mockito.ResetMocksTestExecutionListener, org.springframework.test.context.web.ServletTestExecutionListener, org.springframework.test.context.support.DirtiesContextBeforeModesTestExecutionListener, org.springframework.test.context.event.ApplicationEventsTestExecutionListener, org.springframework.test.context.support.DependencyInjectionTestExecutionListener, org.springframework.test.context.support.DirtiesContextTestExecutionListener, org.springframework.test.context.transaction.TransactionalTestExecutionListener, org.springframework.test.context.jdbc.SqlScriptsTestExecutionListener, org.springframework.test.context.event.EventPublishingTestExecutionListener]
17:28:04.682 [Test worker] DEBUG org.springframework.boot.test.context.SpringBootTestContextBootstrapper - Skipping candidate TestExecutionListener [org.springframework.test.context.transaction.TransactionalTestExecutionListener] due to a missing dependency. Specify custom listener classes or make the default listener classes and their required dependencies available. Offending class: [org/springframework/transaction/interceptor/TransactionAttributeSource]
17:28:04.682 [Test worker] DEBUG org.springframework.boot.test.context.SpringBootTestContextBootstrapper - Skipping candidate TestExecutionListener [org.springframework.test.context.jdbc.SqlScriptsTestExecutionListener] due to a missing dependency. Specify custom listener classes or make the default listener classes and their required dependencies available. Offending class: [org/springframework/transaction/interceptor/TransactionAttribute]
17:28:04.683 [Test worker] INFO org.springframework.boot.test.context.SpringBootTestContextBootstrapper - Using TestExecutionListeners: [org.springframework.test.context.web.ServletTestExecutionListener@3aee3976, org.springframework.test.context.support.DirtiesContextBeforeModesTestExecutionListener@5ef8df1e, org.springframework.test.context.event.ApplicationEventsTestExecutionListener@27cf3151, org.springframework.boot.test.mock.mockito.MockitoTestExecutionListener@127e70c5, org.springframework.boot.test.autoconfigure.SpringBootDependencyInjectionTestExecutionListener@5910de75, org.springframework.test.context.support.DirtiesContextTestExecutionListener@4108fa66, org.springframework.test.context.event.EventPublishingTestExecutionListener@1f130eaf, org.springframework.boot.test.autoconfigure.restdocs.RestDocsTestExecutionListener@7e0aadd0, org.springframework.boot.test.autoconfigure.web.client.MockRestServiceServerResetTestExecutionListener@21362712, org.springframework.boot.test.autoconfigure.web.servlet.MockMvcPrintOnlyOnFailureTestExecutionListener@27eb3298, org.springframework.boot.test.autoconfigure.web.servlet.WebDriverTestExecutionListener@200a26bc, org.springframework.boot.test.autoconfigure.webservices.client.MockWebServiceServerTestExecutionListener@bc57b40, org.springframework.boot.test.mock.mockito.ResetMocksTestExecutionListener@1b5bc39d]
17:28:04.686 [Test worker] DEBUG org.springframework.test.context.support.AbstractDirtiesContextTestExecutionListener - Before test class: context [DefaultTestContext@585811a4 testClass = HelloSpringApplicationTests, testInstance = [null], testMethod = [null], testException = [null], mergedContextConfiguration = [WebMergedContextConfiguration@22c01ab0 testClass = HelloSpringApplicationTests, locations = '{}', classes = '{class com.jiwon.hellospring.HelloSpringApplication}', contextInitializerClasses = '[]', activeProfiles = '{}', propertySourceLocations = '{}', propertySourceProperties = '{org.springframework.boot.test.context.SpringBootTestContextBootstrapper=true}', contextCustomizers = set[org.springframework.boot.test.autoconfigure.actuate.metrics.MetricsExportContextCustomizerFactory$DisableMetricExportContextCustomizer@5e01a982, org.springframework.boot.test.autoconfigure.properties.PropertyMappingContextCustomizer@0, org.springframework.boot.test.autoconfigure.web.servlet.WebDriverContextCustomizerFactory$Customizer@3a0d172f, org.springframework.boot.test.context.filter.ExcludeFilterContextCustomizer@2e9fda69, org.springframework.boot.test.json.DuplicateJsonObjectContextCustomizerFactory$DuplicateJsonObjectContextCustomizer@736d6a5c, org.springframework.boot.test.mock.mockito.MockitoContextCustomizer@0, org.springframework.boot.test.web.client.TestRestTemplateContextCustomizer@4e858e0a, org.springframework.boot.test.context.SpringBootTestArgs@1, org.springframework.boot.test.context.SpringBootTestWebEnvironment@57db2b13], resourceBasePath = 'src/main/webapp', contextLoader = 'org.springframework.boot.test.context.SpringBootContextLoader', parent = [null]], attributes = map['org.springframework.test.context.web.ServletTestExecutionListener.activateListener' -> true]], class annotated with @DirtiesContext [false] with mode [null].

  .   ____          _            __ _ _
 /\\ / ___'_ __ _ _(_)_ __  __ _ \ \ \ \
( ( )\___ | '_ | '_| | '_ \/ _` | \ \ \ \
 \\/  ___)| |_)| | | | | || (_| |  ) ) ) )
  '  |____| .__|_| |_|_| |_\__, | / / / /
 =========|_|==============|___/=/_/_/_/
 :: Spring Boot ::                (v2.6.3)

2022-01-24 17:28:04.980  INFO 47360 --- [    Test worker] c.j.h.HelloSpringApplicationTests        : Starting HelloSpringApplicationTests using Java 11.0.13 on choejiwon-ui-MacBookPro.local with PID 47360 (started by jiwon in /Users/jiwon/Downloads/hello-spring)
2022-01-24 17:28:04.981  INFO 47360 --- [    Test worker] c.j.h.HelloSpringApplicationTests        : No active profile set, falling back to default profiles: default
2022-01-24 17:28:06.041  INFO 47360 --- [    Test worker] o.s.b.a.w.s.WelcomePageHandlerMapping    : Adding welcome page: class path resource [static/index.html]
2022-01-24 17:28:06.241  INFO 47360 --- [    Test worker] c.j.h.HelloSpringApplicationTests        : Started HelloSpringApplicationTests in 1.51 seconds (JVM running for 2.615)
]]></system-out>
  <system-err><![CDATA[]]></system-err>
</testsuite>
